0 info it worked if it ends with ok
1 verbose cli [ '/home/luca/.nvm/versions/node/v6.3.1/bin/node',
1 verbose cli   '/home/luca/.nvm/versions/node/v6.3.1/bin/npm',
1 verbose cli   'run',
1 verbose cli   'test' ]
2 info using npm@3.10.3
3 info using node@v6.3.1
4 verbose run-script [ 'pretest', 'test', 'posttest' ]
5 info lifecycle rock_paper_scissor@1.0.0~pretest: rock_paper_scissor@1.0.0
6 silly lifecycle rock_paper_scissor@1.0.0~pretest: no script for pretest, continuing
7 info lifecycle rock_paper_scissor@1.0.0~test: rock_paper_scissor@1.0.0
8 verbose lifecycle rock_paper_scissor@1.0.0~test: unsafe-perm in lifecycle true
9 verbose lifecycle rock_paper_scissor@1.0.0~test: PATH: /home/luca/.nvm/versions/node/v6.3.1/lib/node_modules/npm/bin/node-gyp-bin:/home/luca/rock_paper_scissor/node_modules/.bin:/home/luca/.nvm/versions/node/v6.3.1/bin:/home/luca/.nvm/versions/node/v6.3.1/bin:/usr/local/bin:/usr/local/sbin:/home/luca/.rvm/gems/ruby-2.3.4/bin:/home/luca/.rvm/gems/ruby-2.3.4@global/bin:/home/luca/.rvm/rubies/ruby-2.3.4/bin:/usr/sbin:/usr/bin:/sbin:/bin:/usr/games:/usr/local/games:/snap/bin:/home/luca/.rvm/bin:/home/luca/.rvm/bin
10 verbose lifecycle rock_paper_scissor@1.0.0~test: CWD: /home/luca/rock_paper_scissor
11 silly lifecycle rock_paper_scissor@1.0.0~test: Args: [ '-c', 'npm run features && npm run specs' ]
12 silly lifecycle rock_paper_scissor@1.0.0~test: Returned: code: 1  signal: null
13 info lifecycle rock_paper_scissor@1.0.0~test: Failed to exec test script
14 verbose stack Error: rock_paper_scissor@1.0.0 test: `npm run features && npm run specs`
14 verbose stack Exit status 1
14 verbose stack     at EventEmitter.<anonymous> (/home/luca/.nvm/versions/node/v6.3.1/lib/node_modules/npm/lib/utils/lifecycle.js:242:16)
14 verbose stack     at emitTwo (events.js:106:13)
14 verbose stack     at EventEmitter.emit (events.js:191:7)
14 verbose stack     at ChildProcess.<anonymous> (/home/luca/.nvm/versions/node/v6.3.1/lib/node_modules/npm/lib/utils/spawn.js:40:14)
14 verbose stack     at emitTwo (events.js:106:13)
14 verbose stack     at ChildProcess.emit (events.js:191:7)
14 verbose stack     at maybeClose (internal/child_process.js:852:16)
14 verbose stack     at Process.ChildProcess._handle.onexit (internal/child_process.js:215:5)
15 verbose pkgid rock_paper_scissor@1.0.0
16 verbose cwd /home/luca/rock_paper_scissor
17 error Linux 5.0.0-29-generic
18 error argv "/home/luca/.nvm/versions/node/v6.3.1/bin/node" "/home/luca/.nvm/versions/node/v6.3.1/bin/npm" "run" "test"
19 error node v6.3.1
20 error npm  v3.10.3
21 error code ELIFECYCLE
22 error rock_paper_scissor@1.0.0 test: `npm run features && npm run specs`
22 error Exit status 1
23 error Failed at the rock_paper_scissor@1.0.0 test script 'npm run features && npm run specs'.
23 error Make sure you have the latest version of node.js and npm installed.
23 error If you do, this is most likely a problem with the rock_paper_scissor package,
23 error not with npm itself.
23 error Tell the author that this fails on your system:
23 error     npm run features && npm run specs
23 error You can get information on how to open an issue for this project with:
23 error     npm bugs rock_paper_scissor
23 error Or if that isn't available, you can get their info via:
23 error     npm owner ls rock_paper_scissor
23 error There is likely additional logging output above.
24 verbose exit [ 1, true ]
